<?xml version="1.0" encoding="UTF-8"?>
<robot generator="Robot 6.1.1 (Python 3.12.8 on win32)" generated="20250419 11:11:19.426" rpa="false" schemaversion="4">
<suite id="s1" name="Tests" source="C:\Users\niam\coding\MTSD\robot_browserstack project\tests.robot">
<test id="s1-t1" name="Successful Account Login" line="14">
<kw name="Open Browser To ParaBank">
<kw name="Get Browserstack Url" library="browserstack_config">
<var>${remote_url}</var>
<msg timestamp="20250419 11:11:19.651" level="INFO">${remote_url} = https://niam_yutm1k:SEqps1iWcWC7Jca2NZTh@hub-cloud.browserstack.com/wd/hub</msg>
<status status="PASS" starttime="20250419 11:11:19.651" endtime="20250419 11:11:19.651"/>
</kw>
<kw name="Get Browser Options" library="browserstack_config">
<var>${options}</var>
<arg>${BROWSER}</arg>
<msg timestamp="20250419 11:11:19.651" level="INFO">${options} = &lt;selenium.webdriver.safari.options.Options object at 0x00000192C222FE30&gt;</msg>
<status status="PASS" starttime="20250419 11:11:19.651" endtime="20250419 11:11:19.651"/>
</kw>
<kw name="Open Browser" library="SeleniumLibrary">
<arg>${PARABANK_URL}</arg>
<arg>browser=${BROWSER.lower()}</arg>
<arg>remote_url=${remote_url}</arg>
<arg>options=${options}</arg>
<doc>Opens a new browser instance to the optional ``url``.</doc>
<msg timestamp="20250419 11:11:19.651" level="INFO">Opening browser 'safari' to base url 'https://parabank.parasoft.com/parabank/index.htm' through remote server at 'https://niam_yutm1k:SEqps1iWcWC7Jca2NZTh@hub-cloud.browserstack.com/wd/hub'.</msg>
<msg timestamp="20250419 11:11:22.898" level="INFO">Cannot capture screenshot because no browser is open.</msg>
<msg timestamp="20250419 11:11:22.898" level="FAIL">WebDriverException: Message: Automate testing time expired.
</msg>
<status status="FAIL" starttime="20250419 11:11:19.651" endtime="20250419 11:11:22.914"/>
</kw>
<kw name="Set Window Size" library="SeleniumLibrary">
<arg>1280</arg>
<arg>1024</arg>
<doc>Sets current windows size to given ``width`` and ``height``.</doc>
<status status="NOT RUN" starttime="20250419 11:11:22.914" endtime="20250419 11:11:22.914"/>
</kw>
<kw name="Set Selenium Timeout" library="SeleniumLibrary">
<arg>30 seconds</arg>
<doc>Sets the timeout that is used by various keywords.</doc>
<status status="NOT RUN" starttime="20250419 11:11:22.914" endtime="20250419 11:11:22.914"/>
</kw>
<status status="FAIL" starttime="20250419 11:11:19.651" endtime="20250419 11:11:22.914"/>
</kw>
<kw name="Login With Credentials">
<arg>${VALID_USERNAME}</arg>
<arg>${VALID_PASSWORD}</arg>
<status status="NOT RUN" starttime="20250419 11:11:22.914" endtime="20250419 11:11:22.914"/>
</kw>
<kw name="Verify Accounts Overview Page Loaded">
<status status="NOT RUN" starttime="20250419 11:11:22.914" endtime="20250419 11:11:22.914"/>
</kw>
<kw name="Run Keyword If Test Failed" library="BuiltIn" type="TEARDOWN">
<arg>Capture Page Screenshot</arg>
<doc>Runs the given keyword with the given arguments, if the test failed.</doc>
<kw name="Capture Page Screenshot" library="SeleniumLibrary">
<doc>Takes a screenshot of the current page and embeds it into a log file.</doc>
<msg timestamp="20250419 11:11:22.914" level="INFO">Cannot capture screenshot because no browser is open.</msg>
<status status="PASS" starttime="20250419 11:11:22.914" endtime="20250419 11:11:22.914"/>
</kw>
<status status="PASS" starttime="20250419 11:11:22.914" endtime="20250419 11:11:22.914"/>
</kw>
<doc>Verify user can login</doc>
<status status="FAIL" starttime="20250419 11:11:19.651" endtime="20250419 11:11:22.914">WebDriverException: Message: Automate testing time expired.
</status>
</test>
<test id="s1-t2" name="Balance Check" line="20">
<kw name="Open Browser To ParaBank">
<kw name="Get Browserstack Url" library="browserstack_config">
<var>${remote_url}</var>
<msg timestamp="20250419 11:11:22.929" level="INFO">${remote_url} = https://niam_yutm1k:SEqps1iWcWC7Jca2NZTh@hub-cloud.browserstack.com/wd/hub</msg>
<status status="PASS" starttime="20250419 11:11:22.929" endtime="20250419 11:11:22.929"/>
</kw>
<kw name="Get Browser Options" library="browserstack_config">
<var>${options}</var>
<arg>${BROWSER}</arg>
<msg timestamp="20250419 11:11:22.929" level="INFO">${options} = &lt;selenium.webdriver.safari.options.Options object at 0x00000192C2343140&gt;</msg>
<status status="PASS" starttime="20250419 11:11:22.929" endtime="20250419 11:11:22.929"/>
</kw>
<kw name="Open Browser" library="SeleniumLibrary">
<arg>${PARABANK_URL}</arg>
<arg>browser=${BROWSER.lower()}</arg>
<arg>remote_url=${remote_url}</arg>
<arg>options=${options}</arg>
<doc>Opens a new browser instance to the optional ``url``.</doc>
<msg timestamp="20250419 11:11:22.929" level="INFO">Opening browser 'safari' to base url 'https://parabank.parasoft.com/parabank/index.htm' through remote server at 'https://niam_yutm1k:SEqps1iWcWC7Jca2NZTh@hub-cloud.browserstack.com/wd/hub'.</msg>
<msg timestamp="20250419 11:11:26.126" level="INFO">Cannot capture screenshot because no browser is open.</msg>
<msg timestamp="20250419 11:11:26.126" level="FAIL">WebDriverException: Message: Automate testing time expired.
</msg>
<status status="FAIL" starttime="20250419 11:11:22.929" endtime="20250419 11:11:26.126"/>
</kw>
<kw name="Set Window Size" library="SeleniumLibrary">
<arg>1280</arg>
<arg>1024</arg>
<doc>Sets current windows size to given ``width`` and ``height``.</doc>
<status status="NOT RUN" starttime="20250419 11:11:26.126" endtime="20250419 11:11:26.126"/>
</kw>
<kw name="Set Selenium Timeout" library="SeleniumLibrary">
<arg>30 seconds</arg>
<doc>Sets the timeout that is used by various keywords.</doc>
<status status="NOT RUN" starttime="20250419 11:11:26.126" endtime="20250419 11:11:26.126"/>
</kw>
<status status="FAIL" starttime="20250419 11:11:22.914" endtime="20250419 11:11:26.126"/>
</kw>
<kw name="Login With Credentials">
<arg>${VALID_USERNAME}</arg>
<arg>${VALID_PASSWORD}</arg>
<status status="NOT RUN" starttime="20250419 11:11:26.126" endtime="20250419 11:11:26.126"/>
</kw>
<kw name="Get Account Balance">
<var>${balance}</var>
<status status="NOT RUN" starttime="20250419 11:11:26.126" endtime="20250419 11:11:26.126"/>
</kw>
<kw name="Log To Console" library="BuiltIn">
<arg>Account Balance: ${balance}</arg>
<doc>Logs the given message to the console.</doc>
<status status="NOT RUN" starttime="20250419 11:11:26.126" endtime="20250419 11:11:26.126"/>
</kw>
<kw name="Should Not Be Empty" library="BuiltIn">
<arg>${balance}</arg>
<doc>Verifies that the given item is not empty.</doc>
<status status="NOT RUN" starttime="20250419 11:11:26.142" endtime="20250419 11:11:26.142"/>
</kw>
<kw name="Logout From Application">
<status status="NOT RUN" starttime="20250419 11:11:26.142" endtime="20250419 11:11:26.142"/>
</kw>
<kw name="Run Keyword If Test Failed" library="BuiltIn" type="TEARDOWN">
<arg>Capture Page Screenshot</arg>
<doc>Runs the given keyword with the given arguments, if the test failed.</doc>
<kw name="Capture Page Screenshot" library="SeleniumLibrary">
<doc>Takes a screenshot of the current page and embeds it into a log file.</doc>
<msg timestamp="20250419 11:11:26.142" level="INFO">Cannot capture screenshot because no browser is open.</msg>
<status status="PASS" starttime="20250419 11:11:26.142" endtime="20250419 11:11:26.142"/>
</kw>
<status status="PASS" starttime="20250419 11:11:26.142" endtime="20250419 11:11:26.142"/>
</kw>
<doc>View account balance</doc>
<status status="FAIL" starttime="20250419 11:11:22.914" endtime="20250419 11:11:26.142">WebDriverException: Message: Automate testing time expired.
</status>
</test>
<status status="FAIL" starttime="20250419 11:11:19.426" endtime="20250419 11:11:26.142"/>
</suite>
<statistics>
<total>
<stat pass="0" fail="2" skip="0">All Tests</stat>
</total>
<tag>
</tag>
<suite>
<stat pass="0" fail="2" skip="0" id="s1" name="Tests">Tests</stat>
</suite>
</statistics>
<errors>
</errors>
</robot>
